[debug] [2022-04-19T17:59:34.206Z] ----------------------------------------------------------------------
[debug] [2022-04-19T17:59:34.208Z] Command:       C:\Program Files (x86)\nodejs\node.exe C:\Users\EHSANBOOYAH\AppData\Roaming\npm\node_modules\firebase-tools\lib\bin\firebase.js init
[debug] [2022-04-19T17:59:34.209Z] CLI Version:   10.6.0
[debug] [2022-04-19T17:59:34.209Z] Platform:      win32
[debug] [2022-04-19T17:59:34.210Z] Node Version:  v14.16.1
[debug] [2022-04-19T17:59:34.211Z] Time:          Tue Apr 19 2022 23:59:34 GMT+0600 (Bangladesh Standard Time)
[debug] [2022-04-19T17:59:34.211Z] ----------------------------------------------------------------------
[debug] 
[debug] [2022-04-19T17:59:34.219Z] > command requires scopes: ["email","openid","https://www.googleapis.com/auth/cloudplatformprojects.readonly","https://www.googleapis.com/auth/firebase","https://www.googleapis.com/auth/cloud-platform"]
[debug] [2022-04-19T17:59:34.219Z] > authorizing via signed-in user (tanvirehsan60@gmail.com)
[info] 
     ######## #### ########  ######## ########     ###     ######  ########
     ##        ##  ##     ## ##       ##     ##  ##   ##  ##       ##
     ######    ##  ########  ######   ########  #########  ######  ######
     ##        ##  ##    ##  ##       ##     ## ##     ##       ## ##
     ##       #### ##     ## ######## ########  ##     ##  ######  ########

You're about to initialize a Firebase project in this directory:

  C:\PROGRAMMING_HERO\REACT\self-made

Before we get started, keep in mind:

  * You are currently outside your home directory

[info] 
=== Project Setup
[info] 
[info] First, let's associate this project directory with a Firebase project.
[info] You can create multiple project aliases by running firebase use --add, 
[info] but for now we'll just set up a default project.
[info] 
[debug] [2022-04-19T18:00:06.009Z] >>> [apiv2][query] GET https://firebase.googleapis.com/v1beta1/projects pageSize=100
[debug] [2022-04-19T18:00:07.830Z] <<< [apiv2][status] GET https://firebase.googleapis.com/v1beta1/projects 200
[debug] [2022-04-19T18:00:07.830Z] <<< [apiv2][body] GET https://firebase.googleapis.com/v1beta1/projects [omitted]
[info] i  Using project self-made-1947d (self made) 
[info] 
=== Hosting Setup
[info] 
[info] Your public directory is the folder (relative to your project directory) that
[info] will contain Hosting assets to be uploaded with firebase deploy. If you
[info] have a build process for your assets, use your build's output directory.
[info] 
